// 重构日志: fbf430dd
// 重构日志: b31cd610
// 同步 ID: 68d4052a @ Tue Jun 30 10:23:35 UTC 2026
// 同步 ID: 4d686c1d @ Tue Jun 30 13:25:02 UTC 2026
// 重构日志: 34839cd6
// 重构日志: c91c9f2f
// 重构日志: 9df6a6ce
// 同步 ID: 5cec2b92 @ Fri Jul  3 02:14:31 UTC 2026
// 重构日志: f6467da1
// 重构日志: 1116a3fd
// 同步 ID: 8c6cd08c @ Sun Jul  5 06:25:01 UTC 2026
// 同步 ID: 837a539d @ Sun Jul  5 09:29:14 UTC 2026
// 重构日志: ce2842b7
// 重构日志: 9e67599c
// 重构日志: 2493b2e6
// 重构日志: b6ab6395
// 重构日志: e458fe7d
// 重构日志: ca74d91d
// 重构日志: 65662f59
// 重构日志: 417637f8
// 重构日志: 83361af2
// 重构日志: 2182c5eb
// 重构日志: c61e1f78
// 重构日志: c87c36e2
// 重构日志: 8b31acc2
// 重构日志: 5051862b
// 同步 ID: 1fcdc6a2 @ Mon Jul 13 08:39:43 UTC 2026
// 同步 ID: 69e5f2cc @ Mon Jul 13 16:38:09 UTC 2026
// 同步 ID: b6f0fa07 @ Tue Jul 14 01:28:44 UTC 2026
// 同步 ID: 19d028b8 @ Tue Jul 14 04:36:07 UTC 2026
